<?xml version="1.0" encoding="UTF-8"?>
<testsuite xmlns:xsi="http://www.w3.org/2001/XMLSchema-instance" xsi:noNamespaceSchemaLocation="https://maven.apache.org/surefire/maven-surefire-plugin/xsd/surefire-test-report-3.0.xsd" version="3.0" name="com.builders.web.HelloServletTest" time="0.102" tests="1" errors="0" skipped="0" failures="0">
  <properties>
    <property name="java.specification.version" value="17"/>
    <property name="sun.cpu.isalist" value="amd64"/>
    <property name="sun.jnu.encoding" value="Cp1252"/>
    <property name="java.class.path" value="C:\Users\Anna_Olesiiuk\Downloads\java-global-mentoring-program-master-build_tools\build_tools\web\target\test-classes;C:\Users\Anna_Olesiiuk\Downloads\java-global-mentoring-program-master-build_tools\build_tools\web\target\classes;C:\Users\Anna_Olesiiuk\.m2\repository\javax\servlet\javax.servlet-api\4.0.1\javax.servlet-api-4.0.1.jar;C:\Users\Anna_Olesiiuk\Downloads\java-global-mentoring-program-master-build_tools\build_tools\services\target\services-0.0.1-SNAPSHOT.jar;C:\Users\Anna_Olesiiuk\Downloads\java-global-mentoring-program-master-build_tools\build_tools\utils\target\utils-0.0.1-SNAPSHOT.jar;C:\Users\Anna_Olesiiuk\.m2\repository\junit\junit\4.12\junit-4.12.jar;C:\Users\Anna_Olesiiuk\.m2\repository\org\hamcrest\hamcrest-core\1.3\hamcrest-core-1.3.jar;"/>
    <property name="java.vm.vendor" value="Amazon.com Inc."/>
    <property name="sun.arch.data.model" value="64"/>
    <property name="user.variant" value=""/>
    <property name="java.vendor.url" value="https://aws.amazon.com/corretto/"/>
    <property name="user.timezone" value="Europe/Kiev"/>
    <property name="user.country.format" value="UA"/>
    <property name="os.name" value="Windows 11"/>
    <property name="java.vm.specification.version" value="17"/>
    <property name="sun.java.launcher" value="SUN_STANDARD"/>
    <property name="user.country" value="US"/>
    <property name="sun.boot.library.path" value="C:\Program Files\Amazon Corretto\jdk17.0.6_10\bin"/>
    <property name="sun.java.command" value="C:\Users\Anna_Olesiiuk\AppData\Local\Temp\surefire4994324096518127953\surefirebooter-20230717163320314_12.jar C:\Users\Anna_Olesiiuk\AppData\Local\Temp\surefire4994324096518127953 2023-07-17T16-33-10_244-jvmRun1 surefire-20230717163320314_10tmp surefire_3-20230717163320314_11tmp"/>
    <property name="jdk.debug" value="release"/>
    <property name="surefire.test.class.path" value="C:\Users\Anna_Olesiiuk\Downloads\java-global-mentoring-program-master-build_tools\build_tools\web\target\test-classes;C:\Users\Anna_Olesiiuk\Downloads\java-global-mentoring-program-master-build_tools\build_tools\web\target\classes;C:\Users\Anna_Olesiiuk\.m2\repository\javax\servlet\javax.servlet-api\4.0.1\javax.servlet-api-4.0.1.jar;C:\Users\Anna_Olesiiuk\Downloads\java-global-mentoring-program-master-build_tools\build_tools\services\target\services-0.0.1-SNAPSHOT.jar;C:\Users\Anna_Olesiiuk\Downloads\java-global-mentoring-program-master-build_tools\build_tools\utils\target\utils-0.0.1-SNAPSHOT.jar;C:\Users\Anna_Olesiiuk\.m2\repository\junit\junit\4.12\junit-4.12.jar;C:\Users\Anna_Olesiiuk\.m2\repository\org\hamcrest\hamcrest-core\1.3\hamcrest-core-1.3.jar;"/>
    <property name="sun.cpu.endian" value="little"/>
    <property name="user.home" value="C:\Users\Anna_Olesiiuk"/>
    <property name="user.language" value="en"/>
    <property name="java.specification.vendor" value="Oracle Corporation"/>
    <property name="java.version.date" value="2023-01-17"/>
    <property name="java.home" value="C:\Program Files\Amazon Corretto\jdk17.0.6_10"/>
    <property name="file.separator" value="\"/>
    <property name="basedir" value="C:\Users\Anna_Olesiiuk\Downloads\java-global-mentoring-program-master-build_tools\build_tools\web"/>
    <property name="java.vm.compressedOopsMode" value="Zero based"/>
    <property name="line.separator" value="&#10;"/>
    <property name="java.vm.specification.vendor" value="Oracle Corporation"/>
    <property name="java.specification.name" value="Java Platform API Specification"/>
    <property name="surefire.real.class.path" value="C:\Users\Anna_Olesiiuk\AppData\Local\Temp\surefire4994324096518127953\surefirebooter-20230717163320314_12.jar"/>
    <property name="user.script" value=""/>
    <property name="sun.management.compiler" value="HotSpot 64-Bit Tiered Compilers"/>
    <property name="java.runtime.version" value="17.0.6+10-LTS"/>
    <property name="user.name" value="Anna_Olesiiuk"/>
    <property name="path.separator" value=";"/>
    <property name="os.version" value="10.0"/>
    <property name="java.runtime.name" value="OpenJDK Runtime Environment"/>
    <property name="file.encoding" value="Cp1252"/>
    <property name="java.vm.name" value="OpenJDK 64-Bit Server VM"/>
    <property name="java.vendor.version" value="Corretto-17.0.6.10.1"/>
    <property name="localRepository" value="C:\Users\Anna_Olesiiuk\.m2\repository"/>
    <property name="java.vendor.url.bug" value="https://github.com/corretto/corretto-17/issues/"/>
    <property name="java.io.tmpdir" value="C:\Users\ANNA_O~1\AppData\Local\Temp\"/>
    <property name="java.version" value="17.0.6"/>
    <property name="user.dir" value="C:\Users\Anna_Olesiiuk\Downloads\java-global-mentoring-program-master-build_tools\build_tools\web"/>
    <property name="os.arch" value="amd64"/>
    <property name="java.vm.specification.name" value="Java Virtual Machine Specification"/>
    <property name="user.language.format" value="uk"/>
    <property name="sun.os.patch.level" value=""/>
    <property name="native.encoding" value="Cp1252"/>
    <property name="java.library.path" value="C:\Program Files\Amazon Corretto\jdk17.0.6_10\bin;C:\Windows\Sun\Java\bin;C:\Windows\system32;C:\Windows;C:\Program Files\Amazon Corretto\jdk17.0.6_10\bin;C:\Program Files\Amazon Corretto\jdk1.8.0_362\bin;C:\Windows\system32;C:\Windows;C:\Windows\System32\Wbem;C:\Windows\System32\WindowsPowerShell\v1.0\;C:\Windows\System32\OpenSSH\;C:\Program Files\Git\cmd;C:\Program Files\Maven\apache-maven-3.9.0\bin;C:\Program Files\Gradle\gradle-8.0\bin;C:\Program Files\Amazon\AWSCLIV2\;C:\Program Files (x86)\Groovy\bin;C:\Users\Anna_Olesiiuk\AppData\Local\Microsoft\WindowsApps;C:\Users\Anna_Olesiiuk\AppData\Local\JetBrains\Toolbox\scripts;C:\Users\Anna_Olesiiuk\AppData\Local\Google\Cloud SDK\google-cloud-sdk\bin;."/>
    <property name="java.vm.info" value="mixed mode, sharing"/>
    <property name="java.vendor" value="Amazon.com Inc."/>
    <property name="java.vm.version" value="17.0.6+10-LTS"/>
    <property name="sun.io.unicode.encoding" value="UnicodeLittle"/>
    <property name="java.class.version" value="61.0"/>
  </properties>
  <testcase name="testHello" classname="com.builders.web.HelloServletTest" time="0.005"/>
</testsuite>